<?xml version="1.0" encoding="UTF-8"?>
<!-- Generated by org.testng.reporters.JUnitXMLReporter -->
<testsuite hostname="CMDHNAHALLAGE" name="FirefoxTest" tests="1" failures="0" timestamp="11 Sep 2017 12:12:45 GMT" time="0.078" errors="0">
  <testcase name="@BeforeTest crossBrowserTest" time="0.0" classname="com.selenium.testcases.TestCase">
    <failure type="java.lang.NoClassDefFoundError" message="org/openqa/selenium/remote/SessionNotFoundException">
      <![CDATA[java.lang.NoClassDefFoundError: org/openqa/selenium/remote/SessionNotFoundException
	at org.openqa.selenium.firefox.FirefoxDriver.<init>(FirefoxDriver.java:216)
	at org.openqa.selenium.firefox.FirefoxDriver.<init>(FirefoxDriver.java:211)
	at org.openqa.selenium.firefox.FirefoxDriver.<init>(FirefoxDriver.java:207)
	at org.openqa.selenium.firefox.FirefoxDriver.<init>(FirefoxDriver.java:120)
	at com.selenium.testcases.TestCase.crossBrowserTest(TestCase.java:31)
	at java.util.concurrent.FutureTask.run(Unknown Source)
	at java.util.concurrent.ThreadPoolExecutor.runWorker(Unknown Source)
	at java.util.concurrent.ThreadPoolExecutor$Worker.run(Unknown Source)
	at java.lang.Thread.run(Unknown Source)
Caused by: java.lang.ClassNotFoundException: org.openqa.selenium.remote.SessionNotFoundException
	at java.net.URLClassLoader.findClass(Unknown Source)
	at java.lang.ClassLoader.loadClass(Unknown Source)
	at sun.misc.Launcher$AppClassLoader.loadClass(Unknown Source)
	at java.lang.ClassLoader.loadClass(Unknown Source)
	... 23 more
... Removed 14 stack frames]]>
    </failure>
  </testcase> <!-- @BeforeTest crossBrowserTest -->
  <testcase name="@AfterTest closeBrowser" time="0.0" classname="com.selenium.testcases.TestCase">
    <skipped/>
  </testcase> <!-- @AfterTest closeBrowser -->
  <testcase name="selectTheForm" time="0.0" classname="com.selenium.testcases.TestCase">
    <skipped/>
  </testcase> <!-- selectTheForm -->
</testsuite> <!-- FirefoxTest -->
